<?xml version="1.0" encoding="UTF-8"?>
<!-- Generated by org.testng.reporters.JUnitReportReporter -->
<testsuite hostname="DESKTOP-1UPHK9E" failures="0" tests="3" name="com.alfuttaim.qa.testcases.LoginPageTest" time="200.251" errors="0" timestamp="2023-01-08T02:43:50 IST" skipped="0">
  <testcase classname="com.alfuttaim.qa.testcases.LoginPageTest" name="homePageTitleTest" time="24.824"/>
  <system-out/>
  <testcase classname="com.alfuttaim.qa.testcases.LoginPageTest" name="ValidateAddToCartProd" time="52.329"/>
  <system-out/>
  <testcase classname="com.alfuttaim.qa.testcases.LoginPageTest" name="TyCarTest" time="123.098"/>
  <system-out/>
</testsuite> <!-- com.alfuttaim.qa.testcases.LoginPageTest -->
